Explores cTBS and iTBS induced plasticity with Marcus populations
Time: 600  Deltat: 1e-4
Nodes: 1

Connection matrix:
From: 1 2 3  4
To 1: 0 0 0  0
To 2: 1 2 3  4
To 3: 0 5 6  7
To 4: 0 8 9 10

Population 1: Stimulation Length: 0
 Stimulus: Burst - Onset: 0 Duration: 40 Amplitude: 500  Width: .5e-3
  Bursts: 6 Burst Frequency: 50 Oscillation Frequency: 8  On: 2 Off: 8

Population 2: Excitatory neurons Length: 0
 Q: 8.87145
 Firing: GlutamateResponse - Lambda: 150e-6 tGlu: 30e-3 Function: Sigmoid Theta: 13e-3 Sigma: 3.8e-3 Qmax: 340
  Dendrite 1:  alpha: 70 beta: 280
  Dendrite 2:  alpha: 70 beta: 280
  Dendrite 3:  alpha: 5  beta: 20
  Dendrite 4:  alpha:100 beta: 400

Population 3: Inhibitory neurons Length: 0
 Q: 8.87145
 Firing: Function: Sigmoid Theta: 13e-3 Sigma: 3.8e-3 Qmax: 340
  Dendrite 5:  alpha: 70 beta: 280
  Dendrite 6:  alpha: 5  beta: 20
  Dendrite 7:  alpha:100 beta: 400

Population 4: Inhibitory neurons Length: 0
 Q: 8.87145
 Firing: Function: Sigmoid Theta: 13e-3 Sigma: 3.8e-3 Qmax: 340
  Dendrite 8:  alpha: 70 beta: 280
  Dendrite 9:  alpha: 5  beta: 20
  Dendrite 10: alpha:100 beta: 400

Propagator 1:  Map  -
Propagator 2:  Wave - Range: 80e-3 gamma: 110
Propagator 3:  Wave - Range: 80e-3 gamma: 1000
Propagator 4:  Wave - Range: 80e-3 gamma: 1000
Propagator 5:  Wave - Range: 80e-3 gamma: 110
Propagator 6:  Wave - Range: 80e-3 gamma: 1000
Propagator 7:  Wave - Range: 80e-3 gamma: 1000
Propagator 8:  Wave - Range: 80e-3 gamma: 110
Propagator 9:  Wave - Range: 80e-3 gamma: 1000
Propagator 10: Wave - Range: 80e-3 gamma: 1000

Coupling 1:  Map  - nu: 1.92e-4
Coupling 2:  BCM  - nu: 1.92e-4
  nu_max: 10e-4 Dth: .25e-6 Pth: .45e-6 xyth: 1e-4
  x: 2.3e-2 y: 2e-2 B: 30e3 glu_0: 200e-6
  gNMDA: 2e-3 t_BCM: 7
Coupling 3:  Map  - nu:-0.72e-4
Coupling 4:  Map  - nu:-0.72e-4
Coupling 5:  Map  - nu: 1.92e-4
Coupling 6:  Map  - nu:-0.72e-4
Coupling 7:  Map  - nu:-0.72e-4
Coupling 8:  Map  - nu: 1.92e-4
Coupling 9:  Map  - nu:-0.72e-4
Coupling 10: Map  - nu:-0.72e-4

Output: Node: All Start: 198 Interval: 1e-3
Population:
Dendrite:
Propagator:
Coupling: 2

=============================================

                 Time           Coupling.2.nu      Coupling.2.nutilde           Coupling.2.Ca            Coupling.2.B        Coupling.2.gNMDA  
                                            1                       1                       1                       1                       1  
 1.00000000000000e-03    2.63082557819416e-04    3.02796488220257e-04    2.14134673213765e-07    1.00000000000000e+00    5.74163020551110e-05  
 2.00000000000000e-03    2.63082908233417e-04    3.02795267181327e-04    2.14137919306899e-07    1.00000000000000e+00    5.74170064641861e-05  
 3.00000000000000e-03    2.63083258644380e-04    3.02794046025780e-04    2.14141165537585e-07    1.00000000000000e+00    5.74177109080121e-05  
 4.00000000000000e-03    2.63083609052306e-04    3.02792824753600e-04    2.14144411905836e-07    1.00000000000000e+00    5.74184153865930e-05  
 5.00000000000000e-03    2.63083959457195e-04    3.02791603364776e-04    2.14147658411668e-07    1.00000000000000e+00    5.74191198999326e-05  
 6.00000000000000e-03    2.63084309859047e-04    3.02790381859292e-04    2.14150905055097e-07    1.00000000000000e+00    5.74198244480348e-05  
 7.00000000000000e-03    2.63084660257861e-04    3.02789160237137e-04    2.14154151836136e-07    1.00000000000000e+00    5.74205290309033e-05  
 8.00000000000000e-03    2.63085010653638e-04    3.02787938498295e-04    2.14157398754801e-07    1.00000000000000e+00    5.74212336485421e-05  
 9.00000000000000e-03    2.63085361046377e-04    3.02786716642755e-04    2.14160645811107e-07    1.00000000000000e+00    5.74219383009550e-05  
 1.00000000000000e-02    2.63085711436079e-04    3.02785494670503e-04    2.14163893005069e-07    1.00000000000000e+00    5.74226429881459e-05  
 1.10000000000000e-02    2.63086061822743e-04    3.02784272581525e-04    2.14167140336702e-07    1.00000000000000e+00    5.74233477101185e-05  
 1.20000000000000e-02    2.63086412206368e-04    3.02783050375808e-04    2.14170387806021e-07    1.00000000000000e+00    5.74240524668769e-05  
 1.30000000000000e-02    2.63086762586956e-04    3.02781828053338e-04    2.14173635413040e-07    1.00000000000000e+00    5.74247572584248e-05  
 1.40000000000000e-02    2.63087112964506e-04    3.02780605614102e-04    2.14176883157776e-07    1.00000000000000e+00    5.74254620847660e-05  
 1.50000000000000e-02    2.63087463339018e-04    3.02779383058087e-04    2.14180131040243e-07    1.00000000000000e+00    5.74261669459045e-05  
 1.60000000000000e-02    2.63087813710491e-04    3.02778160385279e-04    2.14183379060456e-07    1.00000000000000e+00    5.74268718418441e-05  
 1.70000000000000e-02    2.63088164078926e-04    3.02776937595665e-04    2.14186627218430e-07    1.00000000000000e+00    5.74275767725887e-05  
 1.80000000000000e-02    2.63088514444323e-04    3.02775714689231e-04    2.14189875514180e-07    1.00000000000000e+00    5.74282817381421e-05  
 1.90000000000000e-02    2.63088864806681e-04    3.02774491665964e-04    2.14193123947721e-07    1.00000000000000e+00    5.74289867385081e-05  
 2.00000000000000e-02    2.63089215166000e-04    3.02773268525851e-04    2.14196372519068e-07    1.00000000000000e+00    5.74296917736907e-05  
 2.10000000000000e-02    2.63089565522281e-04    3.02772045268877e-04    2.14199621228236e-07    1.00000000000000e+00    5.74303968436936e-05  
 2.20000000000000e-02    2.63089915875522e-04    3.02770821895030e-04    2.14202870075241e-07    1.00000000000000e+00    5.74311019485209e-05  
 2.30000000000000e-02    2.63090266225725e-04    3.02769598404296e-04    2.14206119060097e-07    1.00000000000000e+00    5.74318070881762e-05  
 2.40000000000000e-02    2.63090616572889e-04    3.02768374796662e-04    2.14209368182819e-07    1.00000000000000e+00    5.74325122626635e-05  
 2.50000000000000e-02    2.63090966917014e-04    3.02767151072115e-04    2.14212617443423e-07    1.00000000000000e+00    5.74332174719866e-05  
 2.60000000000000e-02    2.63091317258099e-04    3.02765927230640e-04    2.14215866841923e-07    1.00000000000000e+00    5.74339227161495e-05  
 2.70000000000000e-02    2.63091667596145e-04    3.02764703272224e-04    2.14219116378334e-07    1.00000000000000e+00    5.74346279951559e-05  
 2.80000000000000e-02    2.63092017931152e-04    3.02763479196855e-04    2.14222366052672e-07    1.00000000000000e+00    5.74353333090097e-05  
 2.90000000000000e-02    2.63092368263119e-04    3.02762255004518e-04    2.14225615864951e-07    1.00000000000000e+00    5.74360386577149e-05  
 3.00000000000000e-02    2.63092718592046e-04    3.02761030695200e-04    2.14228865815187e-07    1.00000000000000e+00    5.74367440412751e-05  
 3.10000000000000e-02    2.63093068917934e-04    3.02759806268888e-04    2.14232115903394e-07    1.00000000000000e+00    5.74374494596944e-05  
 3.20000000000000e-02    2.63093419240782e-04    3.02758581725568e-04    2.14235366129588e-07    1.00000000000000e+00    5.74381549129766e-05  
 3.30000000000000e-02    2.63093769560590e-04    3.02757357065227e-04    2.14238616493784e-07    1.00000000000000e+00    5.74388604011256e-05  
 3.40000000000000e-02    2.63094119877358e-04    3.02756132287851e-04    2.14241866995997e-07    1.00000000000000e+00    5.74395659241451e-05  
 3.50000000000000e-02    2.63094470191086e-04    3.02754907393427e-04    2.14245117636241e-07    1.00000000000000e+00    5.74402714820392e-05  
 3.60000000000000e-02    2.63094820501774e-04    3.02753682381941e-04    2.14248368414533e-07    1.00000000000000e+00    5.74409770748116e-05  
 3.70000000000000e-02    2.63095170809421e-04    3.02752457253380e-04    2.14251619330886e-07    1.00000000000000e+00    5.74416827024662e-05  
 3.80000000000000e-02    2.63095521114028e-04    3.02751232007731e-04    2.14254870385316e-07    1.00000000000000e+00    5.74423883650069e-05  
 3.90000000000000e-02    2.63095871415595e-04    3.02750006644980e-04    2.14258121577839e-07    1.00000000000000e+00    5.74430940624376e-05  
 4.00000000000000e-02    2.63096221714121e-04    3.02748781165113e-04    2.14261372908469e-07    1.00000000000000e+00    5.74437997947621e-05  
 4.10000000000000e-02    2.63096572009606e-04    3.02747555568117e-04    2.14264624377220e-07    1.00000000000000e+00    5.74445055619843e-05  
 4.20000000000000e-02    2.63096922302051e-04    3.02746329853980e-04    2.14267875984110e-07    1.00000000000000e+00    5.74452113641081e-05  
 4.30000000000000e-02    2.63097272591454e-04    3.02745104022686e-04    2.14271127729151e-07    1.00000000000000e+00    5.74459172011373e-05  
 4.40000000000000e-02    2.63097622877817e-04    3.02743878074223e-04    2.14274379612361e-07    1.00000000000000e+00    5.74466230730759e-05  
 4.50000000000000e-02    2.63097973161138e-04    3.02742652008577e-04    2.14277631633752e-07    1.00000000000000e+00    5.74473289799276e-05  
 4.60000000000000e-02    2.63098323441419e-04    3.02741425825735e-04    2.14280883793342e-07    1.00000000000000e+00    5.74480349216964e-05  
 4.70000000000000e-02    2.63098673718658e-04    3.02740199525683e-04    2.14284136091144e-07    1.00000000000000e+00    5.74487408983862e-05  
 4.80000000000000e-02    2.63099023992856e-04    3.02738973108408e-04    2.14287388527174e-07    1.00000000000000e+00    5.74494469100007e-05  
 4.90000000000000e-02    2.63099374264012e-04    3.02737746573897e-04    2.14290641101447e-07    1.00000000000000e+00    5.74501529565440e-05  
 5.00000000000000e-02    2.63099724532127e-04    3.02736519922135e-04    2.14293893813978e-07    1.00000000000000e+00    5.74508590380198e-05  
 5.10000000000000e-02    2.63100074797200e-04    3.02735293153109e-04    2.14297146664782e-07    1.00000000000000e+00    5.74515651544321e-05  
 5.20000000000000e-02    2.63100425059231e-04    3.02734066266807e-04    2.14300399653874e-07    1.00000000000000e+00    5.74522713057846e-05  
 5.30000000000000e-02    2.63100775318221e-04    3.02732839263214e-04    2.14303652781270e-07    1.00000000000000e+00    5.74529774920814e-05  
 5.40000000000000e-02    2.63101125574168e-04    3.02731612142317e-04    2.14306906046984e-07    1.00000000000000e+00    5.74536837133262e-05  
 5.50000000000000e-02    2.63101475827074e-04    3.02730384904103e-04    2.14310159451032e-07    1.00000000000000e+00    5.74543899695230e-05  
 5.60000000000000e-02    2.63101826076937e-04    3.02729157548557e-04    2.14313412993428e-07    1.00000000000000e+00    5.74550962606756e-05  
 5.70000000000000e-02    2.63102176323759e-04    3.02727930075667e-04    2.14316666674188e-07    1.00000000000000e+00    5.74558025867879e-05  
 5.80000000000000e-02    2.63102526567537e-04    3.02726702485419e-04    2.14319920493327e-07    1.00000000000000e+00    5.74565089478638e-05  
 5.90000000000000e-02    2.63102876808274e-04    3.02725474777800e-04    2.14323174450859e-07    1.00000000000000e+00    5.74572153439071e-05  
 6.00000000000000e-02    2.63103227045968e-04    3.02724246952795e-04    2.14326428546801e-07    1.00000000000000e+00    5.74579217749218e-05  
 6.10000000000000e-02    2.63103577280619e-04    3.02723019010392e-04    2.14329682781167e-07    1.00000000000000e+00    5.74586282409118e-05  
 6.20000000000000e-02    2.63103927512227e-04    3.02721790950578e-04    2.14332937153972e-07    1.00000000000000e+00    5.74593347418808e-05  
 6.30000000000000e-02    2.63104277740793e-04    3.02720562773337e-04    2.14336191665232e-07    1.00000000000000e+00    5.74600412778329e-05  
 6.40000000000000e-02    2.63104627966316e-04    3.02719334478658e-04    2.14339446314961e-07    1.00000000000000e+00    5.74607478487718e-05  
 6.50000000000000e-02    2.63104978188796e-04    3.02718106066527e-04    2.14342701103175e-07    1.00000000000000e+00    5.74614544547015e-05  
 6.60000000000000e-02    2.63105328408233e-04    3.02716877536929e-04    2.14345956029889e-07    1.00000000000000e+00    5.74621610956258e-05  
 6.70000000000000e-02    2.63105678624626e-04    3.02715648889852e-04    2.14349211095118e-07    1.00000000000000e+00    5.74628677715486e-05  
 6.80000000000000e-02    2.63106028837976e-04    3.02714420125283e-04    2.14352466298876e-07    1.00000000000000e+00    5.74635744824739e-05  
 6.90000000000000e-02    2.63106379048283e-04    3.02713191243206e-04    2.14355721641180e-07    1.00000000000000e+00    5.74642812284055e-05  
 7.00000000000000e-02    2.63106729255546e-04    3.02711962243610e-04    2.14358977122045e-07    1.00000000000000e+00    5.74649880093472e-05  
 7.10000000000000e-02    2.63107079459766e-04    3.02710733126480e-04    2.14362232741484e-07    1.00000000000000e+00    5.74656948253030e-05  
 7.20000000000000e-02    2.63107429660942e-04    3.02709503891803e-04    2.14365488499515e-07    1.00000000000000e+00    5.74664016762768e-05  
 7.30000000000000e-02    2.63107779859074e-04    3.02708274539566e-04    2.14368744396151e-07    1.00000000000000e+00    5.74671085622724e-05  
 7.40000000000000e-02    2.63108130054163e-04    3.02707045069755e-04    2.14372000431408e-07    1.00000000000000e+00    5.74678154832938e-05  
 7.50000000000000e-02    2.63108480246207e-04    3.02705815482356e-04    2.14375256605301e-07    1.00000000000000e+00    5.74685224393448e-05  
 7.60000000000000e-02    2.63108830435207e-04    3.02704585777356e-04    2.14378512917845e-07    1.00000000000000e+00    5.74692294304293e-05  
 7.70000000000000e-02    2.63109180621164e-04    3.02703355954742e-04    2.14381769369055e-07    1.00000000000000e+00    5.74699364565512e-05  
 7.80000000000000e-02    2.63109530804075e-04    3.02702126014500e-04    2.14385025958948e-07    1.00000000000000e+00    5.74706435177144e-05  
 7.90000000000000e-02    2.63109880983943e-04    3.02700895956616e-04    2.14388282687536e-07    1.00000000000000e+00    5.74713506139228e-05  
 8.00000000000000e-02    2.63110231160766e-04    3.02699665781077e-04    2.14391539554837e-07    1.00000000000000e+00    5.74720577451802e-05  
 8.10000000000000e-02    2.63110581334544e-04    3.02698435487869e-04    2.14394796560864e-07    1.00000000000000e+00    5.74727649114907e-05  
 8.20000000000000e-02    2.63110931505278e-04    3.02697205076979e-04    2.14398053705634e-07    1.00000000000000e+00    5.74734721128580e-05  
 8.30000000000000e-02    2.63111281672967e-04    3.02695974548393e-04    2.14401310989160e-07    1.00000000000000e+00    5.74741793492860e-05  
 8.40000000000000e-02    2.63111631837611e-04    3.02694743902099e-04    2.14404568411460e-07    1.00000000000000e+00    5.74748866207787e-05  
 8.50000000000000e-02    2.63111981999211e-04    3.02693513138081e-04    2.14407825972546e-07    1.00000000000000e+00    5.74755939273399e-05  
 8.60000000000000e-02    2.63112332157765e-04    3.02692282256328e-04    2.14411083672436e-07    1.00000000000000e+00    5.74763012689736e-05  
 8.70000000000000e-02    2.63112682313274e-04    3.02691051256824e-04    2.14414341511144e-07    1.00000000000000e+00    5.74770086456836e-05  
 8.80000000000000e-02    2.63113032465738e-04    3.02689820139557e-04    2.14417599488685e-07    1.00000000000000e+00    5.74777160574739e-05  
 8.90000000000000e-02    2.63113382615156e-04    3.02688588904513e-04    2.14420857605074e-07    1.00000000000000e+00    5.74784235043482e-05  
 9.00000000000000e-02    2.63113732761529e-04    3.02687357551679e-04    2.14424115860326e-07    1.00000000000000e+00    5.74791309863106e-05  
 9.10000000000000e-02    2.63114082904857e-04    3.02686126081041e-04    2.14427374254457e-07    1.00000000000000e+00    5.74798385033649e-05  
 9.20000000000000e-02    2.63114433045138e-04    3.02684894492585e-04    2.14430632787482e-07    1.00000000000000e+00    5.74805460555150e-05  
 9.30000000000000e-02    2.63114783182375e-04    3.02683662786299e-04    2.14433891459416e-07    1.00000000000000e+00    5.74812536427649e-05  
 9.40000000000000e-02    2.63115133316565e-04    3.02682430962167e-04    2.14437150270275e-07    1.00000000000000e+00    5.74819612651183e-05  
 9.50000000000000e-02    2.63115483447709e-04    3.02681199020178e-04    2.14440409220072e-07    1.00000000000000e+00    5.74826689225793e-05  
 9.60000000000000e-02    2.63115833575808e-04    3.02679966960317e-04    2.14443668308825e-07    1.00000000000000e+00    5.74833766151517e-05  
 9.70000000000000e-02    2.63116183700860e-04    3.02678734782571e-04    2.14446927536547e-07    1.00000000000000e+00    5.74840843428394e-05  
 9.80000000000000e-02    2.63116533822866e-04    3.02677502486926e-04    2.14450186903254e-07    1.00000000000000e+00    5.74847921056463e-05  
 9.90000000000000e-02    2.63116883941826e-04    3.02676270073368e-04    2.14453446408961e-07    1.00000000000000e+00    5.74854999035764e-05  
 1.00000000000000e-01    2.63117234057739e-04    3.02675037541885e-04    2.14456706053683e-07    1.00000000000000e+00    5.74862077366334e-05  
 1.01000000000000e-01    2.63117584170606e-04    3.02673804892463e-04    2.14459965837436e-07    1.00000000000000e+00    5.74869156048214e-05  
 1.02000000000000e-01    2.63117934280426e-04    3.02672572125087e-04    2.14463225760235e-07    1.00000000000000e+00    5.74876235081442e-05  
 1.03000000000000e-01    2.63118284387199e-04    3.02671339239745e-04    2.14466485822095e-07    1.00000000000000e+00    5.74883314466058e-05  
 1.04000000000000e-01    2.63118634490926e-04    3.02670106236422e-04    2.14469746023031e-07    1.00000000000000e+00    5.74890394202100e-05  
 1.05000000000000e-01    2.63118984591606e-04    3.02668873115106e-04    2.14473006363059e-07    1.00000000000000e+00    5.74897474289607e-05  
 1.06000000000000e-01    2.63119334689239e-04    3.02667639875783e-04    2.14476266842193e-07    1.00000000000000e+00    5.74904554728619e-05  
 1.07000000000000e-01    2.63119684783824e-04    3.02666406518439e-04    2.14479527460449e-07    1.00000000000000e+00    5.74911635519175e-05  
 1.08000000000000e-01    2.63120034875363e-04    3.02665173043061e-04    2.14482788217842e-07    1.00000000000000e+00    5.74918716661313e-05  
 1.09000000000000e-01    2.63120384963854e-04    3.02663939449634e-04    2.14486049114387e-07    1.00000000000000e+00    5.74925798155072e-05  
 1.10000000000000e-01    2.63120735049298e-04    3.02662705738147e-04    2.14489310150100e-07    1.00000000000000e+00    5.74932880000493e-05  
 1.11000000000000e-01    2.63121085131694e-04    3.02661471908584e-04    2.14492571324995e-07    1.00000000000000e+00    5.74939962197613e-05  
 1.12000000000000e-01    2.63121435211043e-04    3.02660237960932e-04    2.14495832639089e-07    1.00000000000000e+00    5.74947044746472e-05  
 1.13000000000000e-01    2.63121785287344e-04    3.02659003895178e-04    2.14499094092395e-07    1.00000000000000e+00    5.74954127647109e-05  
 1.14000000000000e-01    2.63122135360598e-04    3.02657769711309e-04    2.14502355684930e-07    1.00000000000000e+00    5.74961210899563e-05  
 1.15000000000000e-01    2.63122485430803e-04    3.02656535409310e-04    2.14505617416709e-07    1.00000000000000e+00    5.74968294503874e-05  
 1.16000000000000e-01    2.63122835497961e-04    3.02655300989168e-04    2.14508879287746e-07    1.00000000000000e+00    5.74975378460080e-05  
 1.17000000000000e-01    2.63123185562070e-04    3.02654066450870e-04    2.14512141298057e-07    1.00000000000000e+00    5.74982462768220e-05  
 1.18000000000000e-01    2.63123535623131e-04    3.02652831794401e-04    2.14515403447658e-07    1.00000000000000e+00    5.74989547428334e-05  
 1.19000000000000e-01    2.63123885681144e-04    3.02651597019749e-04    2.14518665736563e-07    1.00000000000000e+00    5.74996632440461e-05  
 1.20000000000000e-01    2.63124235736109e-04    3.02650362126900e-04    2.14521928164788e-07    1.00000000000000e+00    5.75003717804640e-05  
 1.21000000000000e-01    2.63124585788025e-04    3.02649127115839e-04    2.14525190732349e-07    1.00000000000000e+00    5.75010803520909e-05  
 1.22000000000000e-01    2.63124935836893e-04    3.02647891986555e-04    2.14528453439259e-07    1.00000000000000e+00    5.75017889589309e-05  
 1.23000000000000e-01    2.63125285882712e-04    3.02646656739032e-04    2.14531716285535e-07    1.00000000000000e+00    5.75024976009877e-05  
 1.24000000000000e-01    2.63125635925482e-04    3.02645421373258e-04    2.14534979271192e-07    1.00000000000000e+00    5.75032062782655e-05  
 1.25000000000000e-01    2.63125985965203e-04    3.02644185889218e-04    2.14538242396245e-07    1.00000000000000e+00    5.75039149907679e-05  
 1.26000000000000e-01    2.63126336001876e-04    3.02642950286899e-04    2.14541505660709e-07    1.00000000000000e+00    5.75046237384991e-05  
 1.27000000000000e-01    2.63126686035499e-04    3.02641714566289e-04    2.14544769064599e-07    1.00000000000000e+00    5.75053325214629e-05  
 1.28000000000000e-01    2.63127036066074e-04    3.02640478727372e-04    2.14548032607932e-07    1.00000000000000e+00    5.75060413396631e-05  
 1.29000000000000e-01    2.63127386093599e-04    3.02639242770135e-04    2.14551296290721e-07    1.00000000000000e+00    5.75067501931038e-05  
 1.30000000000000e-01    2.63127736118074e-04    3.02638006694566e-04    2.14554560112983e-07    1.00000000000000e+00    5.75074590817888e-05  
 1.31000000000000e-01    2.63128086139501e-04    3.02636770500649e-04    2.14557824074733e-07    1.00000000000000e+00    5.75081680057221e-05  
 1.32000000000000e-01    2.63128436157877e-04    3.02635534188372e-04    2.14561088175985e-07    1.00000000000000e+00    5.75088769649076e-05  
 1.33000000000000e-01    2.63128786173205e-04    3.02634297757721e-04    2.14564352416755e-07    1.00000000000000e+00    5.75095859593492e-05  
 1.34000000000000e-01    2.63129136185482e-04    3.02633061208683e-04    2.14567616797059e-07    1.00000000000000e+00    5.75102949890508e-05  
 1.35000000000000e-01    2.63129486194709e-04    3.02631824541243e-04    2.14570881316912e-07    1.00000000000000e+00    5.75110040540163e-05  
 1.36000000000000e-01    2.63129836200887e-04    3.02630587755388e-04    2.14574145976328e-07    1.00000000000000e+00    5.75117131542498e-05  
 1.37000000000000e-01    2.63130186204015e-04    3.02629350851105e-04    2.14577410775324e-07    1.00000000000000e+00    5.75124222897550e-05  
 1.38000000000000e-01    2.63130536204092e-04    3.02628113828380e-04    2.14580675713914e-07    1.00000000000000e+00    5.75131314605359e-05  
 1.39000000000000e-01    2.63130886201120e-04    3.02626876687199e-04    2.14583940792114e-07    1.00000000000000e+00    5.75138406665965e-05  
 1.40000000000000e-01    2.63131236195097e-04    3.02625639427549e-04    2.14587206009939e-07    1.00000000000000e+00    5.75145499079406e-05  
 1.41000000000000e-01    2.63131586186023e-04    3.02624402049416e-04    2.14590471367404e-07    1.00000000000000e+00    5.75152591845722e-05  
 1.42000000000000e-01    2.63131936173899e-04    3.02623164552786e-04    2.14593736864525e-07    1.00000000000000e+00    5.75159684964953e-05  
 1.43000000000000e-01    2.63132286158725e-04    3.02621926937646e-04    2.14597002501317e-07    1.00000000000000e+00    5.75166778437136e-05  
 1.44000000000000e-01    2.63132636140499e-04    3.02620689203983e-04    2.14600268277796e-07    1.00000000000000e+00    5.75173872262313e-05  
 1.45000000000000e-01    2.63132986119223e-04    3.02619451351782e-04    2.14603534193976e-07    1.00000000000000e+00    5.75180966440521e-05  
 1.46000000000000e-01    2.63133336094896e-04    3.02618213381030e-04    2.14606800249872e-07    1.00000000000000e+00    5.75188060971800e-05  
 1.47000000000000e-01    2.63133686067518e-04    3.02616975291713e-04    2.14610066445501e-07    1.00000000000000e+00    5.75195155856190e-05  
 1.48000000000000e-01    2.63134036037089e-04    3.02615737083818e-04    2.14613332780877e-07    1.00000000000000e+00    5.75202251093730e-05  
 1.49000000000000e-01    2.63134386003609e-04    3.02614498757331e-04    2.14616599256016e-07    1.00000000000000e+00    5.75209346684458e-05  
 1.50000000000000e-01    2.63134735967078e-04    3.02613260312239e-04    2.14619865870933e-07    1.00000000000000e+00    5.75216442628415e-05  
 1.51000000000000e-01    2.63135085927495e-04    3.02612021748527e-04    2.14623132625643e-07    1.00000000000000e+00    5.75223538925640e-05  
 1.52000000000000e-01    2.63135435884860e-04    3.02610783066183e-04    2.14626399520162e-07    1.00000000000000e+00    5.75230635576171e-05  
 1.53000000000000e-01    2.63135785839174e-04    3.02609544265192e-04    2.14629666554505e-07    1.00000000000000e+00    5.75237732580049e-05  
 